<?xml version="1.0" encoding="UTF-8"?>
<!-- Generated by org.testng.reporters.JUnitXMLReporter -->
<testsuite hostname="saurabhdubey" failures="0" tests="3" name="Test" time="38.794" errors="0" timestamp="19 Mar 2023 11:55:21 GMT">
  <testcase classname="com.seleniumtesting111.radioTNG" name="radio" time="4.233"/>
  <testcase classname="com.seleniumtesting111.SelectTNG" name="select2" time="0.466"/>
  <testcase classname="com.seleniumtesting111.TextTNG" name="text" time="14.881"/>
</testsuite> <!-- Test -->
